<?xml version="1.0" encoding="UTF-8"?>
<testng-results ignored="0" total="1" passed="1" failed="0" skipped="0">
  <reporter-output>
  </reporter-output>
  <suite started-at="2023-07-20T20:24:15 IST" name="Default suite" finished-at="2023-07-20T20:24:25 IST" duration-ms="10373">
    <groups>
    </groups>
    <test started-at="2023-07-20T20:24:15 IST" name="Default test" finished-at="2023-07-20T20:24:25 IST" duration-ms="10373">
      <class name="regression.ValidateLogin">
        <test-method is-config="true" signature="setUp()[pri:0, instance:regression.ValidateLogin@41a0aa7d]" started-at="2023-07-20T20:24:15 IST" name="setUp" finished-at="2023-07-20T20:24:21 IST" duration-ms="5998" status="PASS">
          <reporter-output>
          </reporter-output>
        </test-method> <!-- setUp -->
        <test-method signature="validateLoginTest()[pri:0, instance:regression.ValidateLogin@41a0aa7d]" started-at="2023-07-20T20:24:21 IST" name="validateLoginTest" finished-at="2023-07-20T20:24:25 IST" duration-ms="3927" status="PASS">
          <reporter-output>
          </reporter-output>
        </test-method> <!-- validateLoginTest -->
        <test-method is-config="true" signature="teardown()[pri:0, instance:regression.ValidateLogin@41a0aa7d]" started-at="2023-07-20T20:24:25 IST" name="teardown" finished-at="2023-07-20T20:24:25 IST" duration-ms="381" status="PASS">
          <reporter-output>
          </reporter-output>
        </test-method> <!-- teardown -->
      </class> <!-- regression.ValidateLogin -->
    </test> <!-- Default test -->
  </suite> <!-- Default suite -->
</testng-results>
